<?xml version="1.0" encoding="UTF-8"?>
<testng-results ignored="0" total="1" passed="1" failed="0" skipped="0">
  <reporter-output>
  </reporter-output>
  <suite started-at="2024-05-03T19:47:53 IST" name="Default suite" finished-at="2024-05-03T19:48:05 IST" duration-ms="11775">
    <groups>
    </groups>
    <test started-at="2024-05-03T19:47:53 IST" name="Default test" finished-at="2024-05-03T19:48:05 IST" duration-ms="11775">
      <class name="com.OrangeHRM.testcases.TestCaseDemo">
        <test-method is-config="true" signature="setUp()[pri:0, instance:com.OrangeHRM.testcases.TestCaseDemo@3e8c3cb]" started-at="2024-05-03T19:47:53 IST" name="setUp" finished-at="2024-05-03T19:48:04 IST" duration-ms="10450" status="PASS">
          <reporter-output>
          </reporter-output>
        </test-method> <!-- setUp -->
        <test-method signature="testCheck()[pri:0, instance:com.OrangeHRM.testcases.TestCaseDemo@3e8c3cb]" started-at="2024-05-03T19:48:04 IST" name="testCheck" finished-at="2024-05-03T19:48:04 IST" duration-ms="6" status="PASS">
          <reporter-output>
          </reporter-output>
        </test-method> <!-- testCheck -->
        <test-method is-config="true" signature="tearDown()[pri:0, instance:com.OrangeHRM.testcases.TestCaseDemo@3e8c3cb]" started-at="2024-05-03T19:48:04 IST" name="tearDown" finished-at="2024-05-03T19:48:05 IST" duration-ms="1269" status="PASS">
          <reporter-output>
          </reporter-output>
        </test-method> <!-- tearDown -->
      </class> <!-- com.OrangeHRM.testcases.TestCaseDemo -->
    </test> <!-- Default test -->
  </suite> <!-- Default suite -->
</testng-results>
